<?xml version="1.0" encoding="UTF-8"?>
<!-- Generated by org.testng.reporters.JUnitXMLReporter -->
<testsuite ignored="0" hostname="PavithraDilip" failures="0" tests="1" name="Test-1" time="46.273" errors="0" timestamp="2024-11-13T17:04:42 IST">
  <testcase classname="com.crm.vendorTest.CreateVendorTest" name="createVendorTest" time="24.945"/>
</testsuite> <!-- Test-1 -->
