<?xml version="1.0" encoding="UTF-8"?>
<!-- Generated by org.testng.reporters.JUnitXMLReporter -->
<testsuite ignored="0" hostname="PavithraDilip" failures="0" tests="1" name="Test-2" time="46.651" errors="0" timestamp="2024-11-13T17:04:42 IST">
  <testcase classname="com.crm.vendorTest.CreateVendorTest" name="createVendorTest" time="27.73"/>
</testsuite> <!-- Test-2 -->
