<?xml version="1.0" encoding="UTF-8"?>
<!-- Generated by org.testng.reporters.JUnitReportReporter -->
<testsuite hostname="PavithraDilip" failures="0" tests="1" name="practicedCleaniquePgm.SkinCareTest" time="8.267" errors="0" timestamp="2024-11-04T10:31:10 IST" skipped="0">
  <testcase classname="practicedCleaniquePgm.SkinCareTest" name="fetchSkinCareDropdown" time="8.267"/>
  <system-out/>
</testsuite> <!-- practicedCleaniquePgm.SkinCareTest -->
