<?xml version="1.0" encoding="UTF-8"?>
<!-- Generated by org.testng.reporters.JUnitReportReporter -->
<testsuite hostname="PavithraDilip" failures="0" tests="3" name="com.crm.contactTest.CreateContactTest" time="89.307" errors="0" timestamp="2024-11-13T16:26:48 IST" skipped="0">
  <testcase classname="com.crm.contactTest.CreateContactTest" name="createContactWithOrgTest" time="35.370"/>
  <system-out/>
  <testcase classname="com.crm.contactTest.CreateContactTest" name="createContactWithSupportDateTest" time="24.847"/>
  <system-out/>
  <testcase classname="com.crm.contactTest.CreateContactTest" name="createContactTest" time="29.090"/>
  <system-out/>
</testsuite> <!-- com.crm.contactTest.CreateContactTest -->
