<?xml version="1.0" encoding="UTF-8"?>
<!-- Generated by org.testng.reporters.JUnitReportReporter -->
<testsuite hostname="PavithraDilip" failures="0" tests="1" name="com.crm.contactTest.CreateContactTest" time="22.923" errors="0" timestamp="2024-11-12T23:26:24 IST" skipped="0">
  <testcase classname="com.crm.contactTest.CreateContactTest" name="createContactTest" time="22.923"/>
  <system-out/>
</testsuite> <!-- com.crm.contactTest.CreateContactTest -->
