<?xml version="1.0" encoding="UTF-8"?>
<!-- Generated by org.testng.reporters.JUnitReportReporter -->
<testsuite hostname="PavithraDilip" failures="0" tests="1" name="ObjectRepository.SampleTestwithPOM" time="10.200" errors="0" timestamp="2024-10-08T15:51:10 IST" skipped="0">
  <testcase classname="ObjectRepository.SampleTestwithPOM" name="SampleTest" time="10.200"/>
  <system-out/>
</testsuite> <!-- ObjectRepository.SampleTestwithPOM -->
