<?xml version="1.0" encoding="UTF-8"?>
<!-- Generated by org.testng.reporters.JUnitReportReporter -->
<testsuite hostname="PavithraDilip" failures="0" tests="1" name="com.crm.organizationTest.CreateORGTest" time="26.087" errors="0" timestamp="2024-11-12T23:26:24 IST" skipped="0">
  <testcase classname="com.crm.organizationTest.CreateORGTest" name="createOrgTest" time="26.087"/>
  <system-out/>
</testsuite> <!-- com.crm.organizationTest.CreateORGTest -->
