<?xml version="1.0" encoding="UTF-8"?>
<!-- Generated by org.testng.reporters.JUnitReportReporter -->
<testsuite hostname="PavithraDilip" failures="0" tests="1" name="TestNG1.AdvanceReportPgm" time="5.610" errors="0" timestamp="2024-10-28T13:28:38 IST" skipped="0">
  <testcase classname="TestNG1.AdvanceReportPgm" name="createContactWithPhoneTest" time="5.610"/>
  <system-out/>
</testsuite> <!-- TestNG1.AdvanceReportPgm -->
