<?xml version="1.0" encoding="UTF-8"?>
<!-- Generated by org.testng.reporters.JUnitReportReporter -->
<testsuite hostname="PavithraDilip" failures="0" tests="1" name="ScreenshotPgm.ScreenShot1" time="6.387" errors="0" timestamp="2024-10-22T15:44:21 IST" skipped="0">
  <testcase classname="ScreenshotPgm.ScreenShot1" name="methods2" time="6.387"/>
  <system-out/>
</testsuite> <!-- ScreenshotPgm.ScreenShot1 -->
