<?xml version="1.0" encoding="UTF-8"?>
<!-- Generated by org.testng.reporters.JUnitReportReporter -->
<testsuite hostname="PavithraDilip" failures="0" tests="2" name="com.crm.vendorTest.CreateVendorTest" time="77.430" errors="0" timestamp="2024-11-13T17:04:43 IST" skipped="0">
  <testcase classname="com.crm.vendorTest.CreateVendorTest" name="createVendorTest" time="37.329"/>
  <system-out/>
  <testcase classname="com.crm.vendorTest.CreateVendorTest" name="createVendorTest" time="40.101"/>
  <system-out/>
</testsuite> <!-- com.crm.vendorTest.CreateVendorTest -->
