<?xml version="1.0" encoding="UTF-8"?>
<!-- Generated by org.testng.reporters.JUnitReportReporter -->
<testsuite hostname="PavithraDilip" failures="0" tests="1" name="TestNG1.Batch4" time="37.629" errors="0" timestamp="2024-10-22T22:09:19 IST" skipped="0">
  <testcase classname="TestNG1.Batch4" name="createLeadsNameTest" time="37.629"/>
  <system-out/>
</testsuite> <!-- TestNG1.Batch4 -->
