<?xml version="1.0" encoding="UTF-8"?>
<!-- Generated by org.testng.reporters.JUnitReportReporter -->
<testsuite hostname="PavithraDilip" failures="0" tests="1" name="com.crm.organizationTest.CreateORGTest" time="24.064" errors="0" timestamp="2024-11-13T15:18:33 IST" skipped="0">
  <testcase classname="com.crm.organizationTest.CreateORGTest" name="createOrgTest" time="24.064"/>
  <system-out/>
</testsuite> <!-- com.crm.organizationTest.CreateORGTest -->
