<?xml version="1.0" encoding="UTF-8"?>
<!-- Generated by org.testng.reporters.JUnitReportReporter -->
<testsuite hostname="PavithraDilip" failures="0" tests="1" name="com.crm.vendorTest.CreateVendorTest" time="21.122" errors="0" timestamp="2024-11-12T23:26:24 IST" skipped="0">
  <testcase classname="com.crm.vendorTest.CreateVendorTest" name="createVendorTest" time="21.122"/>
  <system-out/>
</testsuite> <!-- com.crm.vendorTest.CreateVendorTest -->
