<?xml version="1.0" encoding="UTF-8"?>
<!-- Generated by org.testng.reporters.JUnitReportReporter -->
<testsuite hostname="PavithraDilip" failures="0" tests="1" name="TestNGPgm.Batch1" time="2.154" errors="0" timestamp="2024-10-21T18:05:55 IST" skipped="0">
  <testcase classname="TestNGPgm.Batch1" name="execute1" time="2.154"/>
  <system-out/>
</testsuite> <!-- TestNGPgm.Batch1 -->
