<?xml version="1.0" encoding="UTF-8"?>
<!-- Generated by org.testng.reporters.JUnitReportReporter -->
<testsuite hostname="PavithraDilip" failures="0" tests="1" name="com.crm.leadsTest.CreateLeadsTest" time="22.639" errors="0" timestamp="2024-11-12T23:26:24 IST" skipped="0">
  <testcase classname="com.crm.leadsTest.CreateLeadsTest" name="createLeadsNameTest" time="22.639"/>
  <system-out/>
</testsuite> <!-- com.crm.leadsTest.CreateLeadsTest -->
